Using pre-set license
Built from '2020.3/release' branch; Version is '2020.3.12f1 (b3b2c6512326) revision 11776710'; Using compiler version '192528614'; Build Type 'Release'
OS: 'Windows 10 Pro; OS build 22621.2715; Version 2009; 64bit' Language: 'en' Physical Memory: 15775 MB
BatchMode: 1, IsHumanControllingUs: 0, StartBugReporterOnCrash: 0, Is64bit: 1, IsPro: 0

 COMMAND LINE ARGUMENTS:
C:\Program Files\Unity\Hub\Editor\2020.3.12f1\Editor\Unity.exe
-adb2
-batchMode
-noUpm
-name
AssetImportWorker0
-projectPath
C:/Users/Code Ninjas/Documents/GitHub/Scavanger-Hunt/AT Scavanger Hunt
-logFile
Logs/AssetImportWorker0.log
-srvPort
55437
Successfully changed project path to: C:/Users/Code Ninjas/Documents/GitHub/Scavanger-Hunt/AT Scavanger Hunt
C:/Users/Code Ninjas/Documents/GitHub/Scavanger-Hunt/AT Scavanger Hunt
Using Asset Import Pipeline V2.
Refreshing native plugins compatible for Editor in 32.12 ms, found 2 plugins.
Preloading 0 native plugins for Editor in 0.00 ms.
Initialize engine version: 2020.3.12f1 (b3b2c6512326)
[Subsystems] Discovering subsystems at path C:/Program Files/Unity/Hub/Editor/2020.3.12f1/Editor/Data/Resources/UnitySubsystems
[Subsystems] Discovering subsystems at path C:/Users/Code Ninjas/Documents/GitHub/Scavanger-Hunt/AT Scavanger Hunt/Assets
GfxDevice: creating device client; threaded=0
Direct3D:
    Version:  Direct3D 11.0 [level 11.1]
    Renderer: NVIDIA GeForce RTX 3050 Ti Laptop GPU (ID=0x25a0)
    Vendor:   
    VRAM:     3990 MB
    Driver:   30.0.15.1169
Initialize mono
Mono path[0] = 'C:/Program Files/Unity/Hub/Editor/2020.3.12f1/Editor/Data/Managed'
Mono path[1] = 'C:/Program Files/Unity/Hub/Editor/2020.3.12f1/Editor/Data/MonoBleedingEdge/lib/mono/unityjit'
Mono config path = 'C:/Program Files/Unity/Hub/Editor/2020.3.12f1/Editor/Data/MonoBleedingEdge/etc'
Using monoOptions --debugger-agent=transport=dt_socket,embedding=1,server=y,suspend=n,address=127.0.0.1:56380
Begin MonoManager ReloadAssembly
Registering precompiled unity dll's ...
Register platform support module: C:/Program Files/Unity/Hub/Editor/2020.3.12f1/Editor/Data/PlaybackEngines/WindowsStandaloneSupport/UnityEditor.WindowsStandalone.Extensions.dll
Registered in 0.003488 seconds.
Native extension for WindowsStandalone target not found
Refreshing native plugins compatible for Editor in 30.08 ms, found 2 plugins.
Preloading 0 native plugins for Editor in 0.00 ms.
Mono: successfully reloaded assembly
- Completed reload, in  1.302 seconds
Platform modules already initialized, skipping
Registering precompiled user dll's ...
Registered in 0.007586 seconds.
Begin MonoManager ReloadAssembly
Native extension for WindowsStandalone target not found
Refreshing native plugins compatible for Editor in 0.42 ms, found 2 plugins.
Preloading 0 native plugins for Editor in 0.00 ms.
Mono: successfully reloaded assembly
- Completed reload, in  0.912 seconds
Platform modules already initialized, skipping
========================================================================
Worker process is ready to serve import requests
Launched and connected shader compiler UnityShaderCompiler.exe after 0.08 seconds
Refreshing native plugins compatible for Editor in 0.87 ms, found 2 plugins.
Preloading 0 native plugins for Editor in 0.00 ms.
Unloading 1538 Unused Serialized files (Serialized files now loaded: 0)
System memory in use before: 69.7 MB.
System memory in use after: 69.8 MB.

Unloading 20 unused Assets to reduce memory usage. Loaded Objects now: 1971.
Total: 3.662500 ms (FindLiveObjects: 0.346000 ms CreateObjectMapping: 0.150100 ms MarkObjects: 3.016600 ms  DeleteObjects: 0.148600 ms)

AssetImportParameters requested are different than current active one (requested -> active):
  custom:framework-win-MediaFoundation: 216162199b28c13a410421893ffa2e32 -> 
  custom:video-decoder-ogg-theora: a1e56fd34408186e4bbccfd4996cb3dc -> 
  custom:container-muxer-webm: aa71ff27fc2769a1b78a27578f13a17b -> 
  custom:container-demuxer-webm: 4f35f7cbe854078d1ac9338744f61a02 -> 
  custom:container-demuxer-ogg: 62fdf1f143b41e24485cea50d1cbac27 -> 
  custom:video-encoder-webm-vp8: eb34c28f22e8b96e1ab97ce403110664 -> 
  custom:video-decoder-webm-vp8: 9c59270c3fd7afecdb556c50c9e8de78 -> 
  custom:audio-decoder-ogg-vorbis: bf7c407c2cedff20999df2af8eb42d56 -> 
  custom:audio-encoder-webm-vorbis: bf7c407c2cedff20999df2af8eb42d56 -> 
========================================================================
Received Import Request.
  path: Assets/Artwork/ScavengerHuntBackground.png
  artifactKey: Guid(7abb0cc05b8ef854a8a4b80718c38b5f) Importer(815301076,1909f56bfc062723c751e8b465ee728b)
Start importing Assets/Artwork/ScavengerHuntBackground.png using Guid(7abb0cc05b8ef854a8a4b80718c38b5f) Importer(815301076,1909f56bfc062723c751e8b465ee728b)  -> (artifact id: '5ef390e576a433ff205bc3589e13bdbe') in 0.145912 seconds 
  Import took 0.149293 seconds .

========================================================================
Received Import Request.
  Time since last request: 0.000313 seconds.
  path: Assets/Artwork/spritemap1.png
  artifactKey: Guid(2c8d0eb25f52bf446923412fe970cecc) Importer(815301076,1909f56bfc062723c751e8b465ee728b)
Start importing Assets/Artwork/spritemap1.png using Guid(2c8d0eb25f52bf446923412fe970cecc) Importer(815301076,1909f56bfc062723c751e8b465ee728b)  -> (artifact id: 'bfece194f7fa09ed6ef220f7237ae4ae') in 0.388811 seconds 
  Import took 0.391781 seconds .

========================================================================
Received Import Request.
  Time since last request: 0.000284 seconds.
  path: Assets/Artwork/Materials/ScavengerHuntBackground.mat
  artifactKey: Guid(30e76bf02d2063846a3dd67554f2499f) Importer(815301076,1909f56bfc062723c751e8b465ee728b)
Start importing Assets/Artwork/Materials/ScavengerHuntBackground.mat using Guid(30e76bf02d2063846a3dd67554f2499f) Importer(815301076,1909f56bfc062723c751e8b465ee728b)  -> (artifact id: 'd1f3a35eda843ca899274fa96b5e4397') in 0.049612 seconds 
  Import took 0.052236 seconds .

========================================================================
Received Import Request.
  Time since last request: 125.334500 seconds.
  path: Assets/Artwork/gameIcons.png
  artifactKey: Guid(257e4ed7a6dc3e54c93687c3f2cef052) Importer(815301076,1909f56bfc062723c751e8b465ee728b)
Start importing Assets/Artwork/gameIcons.png using Guid(257e4ed7a6dc3e54c93687c3f2cef052) Importer(815301076,1909f56bfc062723c751e8b465ee728b)  -> (artifact id: 'f52e408b638d073289a68c7657ccba84') in 0.044570 seconds 
  Import took 0.049071 seconds .

========================================================================
Received Import Request.
  Time since last request: 96.967335 seconds.
  path: Assets/Artwork
  artifactKey: Guid(83e84abf44d747e4390045430481c4a4) Importer(815301076,1909f56bfc062723c751e8b465ee728b)
Start importing Assets/Artwork using Guid(83e84abf44d747e4390045430481c4a4) Importer(815301076,1909f56bfc062723c751e8b465ee728b)  -> (artifact id: '33d20f1890b10b7b3fe2bf36c14df6cc') in 0.015309 seconds 
  Import took 0.019809 seconds .

========================================================================
Received Import Request.
  Time since last request: 66.166412 seconds.
  path: Assets/Artwork/gameIcons.png
  artifactKey: Guid(257e4ed7a6dc3e54c93687c3f2cef052) Importer(815301076,1909f56bfc062723c751e8b465ee728b)
Start importing Assets/Artwork/gameIcons.png using Guid(257e4ed7a6dc3e54c93687c3f2cef052) Importer(815301076,1909f56bfc062723c751e8b465ee728b)  -> (artifact id: 'b797c8ae4ffba0dd11644f365e2738cf') in 0.025647 seconds 
  Import took 0.030710 seconds .

========================================================================
Received Prepare
Registering precompiled user dll's ...
Registered in 0.006840 seconds.
Begin MonoManager ReloadAssembly
Native extension for WindowsStandalone target not found
Refreshing native plugins compatible for Editor in 0.41 ms, found 2 plugins.
Preloading 0 native plugins for Editor in 0.00 ms.
Mono: successfully reloaded assembly
- Completed reload, in  0.840 seconds
Platform modules already initialized, skipping
Refreshing native plugins compatible for Editor in 0.45 ms, found 2 plugins.
Preloading 0 native plugins for Editor in 0.00 ms.
Unloading 1565 Unused Serialized files (Serialized files now loaded: 0)
System memory in use before: 74.3 MB.
System memory in use after: 74.4 MB.

Unloading 15 unused Assets to reduce memory usage. Loaded Objects now: 2268.
Total: 2.663700 ms (FindLiveObjects: 0.188300 ms CreateObjectMapping: 0.072500 ms MarkObjects: 2.343700 ms  DeleteObjects: 0.058200 ms)

AssetImportParameters requested are different than current active one (requested -> active):
  custom:framework-win-MediaFoundation: 216162199b28c13a410421893ffa2e32 -> 
  custom:video-decoder-ogg-theora: a1e56fd34408186e4bbccfd4996cb3dc -> 
  custom:container-muxer-webm: aa71ff27fc2769a1b78a27578f13a17b -> 
  custom:container-demuxer-webm: 4f35f7cbe854078d1ac9338744f61a02 -> 
  custom:container-demuxer-ogg: 62fdf1f143b41e24485cea50d1cbac27 -> 
  custom:video-encoder-webm-vp8: eb34c28f22e8b96e1ab97ce403110664 -> 
  custom:video-decoder-webm-vp8: 9c59270c3fd7afecdb556c50c9e8de78 -> 
  custom:audio-decoder-ogg-vorbis: bf7c407c2cedff20999df2af8eb42d56 -> 
  custom:audio-encoder-webm-vorbis: bf7c407c2cedff20999df2af8eb42d56 -> 
========================================================================
Received Import Request.
  Time since last request: 377.491574 seconds.
  path: Assets/Artwork/gameIcons.png
  artifactKey: Guid(257e4ed7a6dc3e54c93687c3f2cef052) Importer(815301076,1909f56bfc062723c751e8b465ee728b)
Start importing Assets/Artwork/gameIcons.png using Guid(257e4ed7a6dc3e54c93687c3f2cef052) Importer(815301076,1909f56bfc062723c751e8b465ee728b)  -> (artifact id: '9492c9e74e7a1a32f17927943ed12078') in 0.087369 seconds 
  Import took 0.090505 seconds .

========================================================================
Received Prepare
Registering precompiled user dll's ...
Registered in 0.005869 seconds.
Begin MonoManager ReloadAssembly
Native extension for WindowsStandalone target not found
Refreshing native plugins compatible for Editor in 0.39 ms, found 2 plugins.
Preloading 0 native plugins for Editor in 0.00 ms.
Mono: successfully reloaded assembly
- Completed reload, in  0.826 seconds
Platform modules already initialized, skipping
Refreshing native plugins compatible for Editor in 0.43 ms, found 2 plugins.
Preloading 0 native plugins for Editor in 0.00 ms.
Unloading 1572 Unused Serialized files (Serialized files now loaded: 0)
System memory in use before: 74.5 MB.
System memory in use after: 74.6 MB.

Unloading 15 unused Assets to reduce memory usage. Loaded Objects now: 2284.
Total: 2.453700 ms (FindLiveObjects: 0.219000 ms CreateObjectMapping: 0.047600 ms MarkObjects: 2.116800 ms  DeleteObjects: 0.069300 ms)

AssetImportParameters requested are different than current active one (requested -> active):
  custom:framework-win-MediaFoundation: 216162199b28c13a410421893ffa2e32 -> 
  custom:video-decoder-ogg-theora: a1e56fd34408186e4bbccfd4996cb3dc -> 
  custom:container-muxer-webm: aa71ff27fc2769a1b78a27578f13a17b -> 
  custom:container-demuxer-webm: 4f35f7cbe854078d1ac9338744f61a02 -> 
  custom:container-demuxer-ogg: 62fdf1f143b41e24485cea50d1cbac27 -> 
  custom:video-encoder-webm-vp8: eb34c28f22e8b96e1ab97ce403110664 -> 
  custom:video-decoder-webm-vp8: 9c59270c3fd7afecdb556c50c9e8de78 -> 
  custom:audio-decoder-ogg-vorbis: bf7c407c2cedff20999df2af8eb42d56 -> 
  custom:audio-encoder-webm-vorbis: bf7c407c2cedff20999df2af8eb42d56 -> 
========================================================================
Received Import Request.
  Time since last request: 2110.168668 seconds.
  path: Assets/Artwork/Colectibles.controller
  artifactKey: Guid(ad8b4f7ef5e19404dacbad2aab79d419) Importer(815301076,1909f56bfc062723c751e8b465ee728b)
Start importing Assets/Artwork/Colectibles.controller using Guid(ad8b4f7ef5e19404dacbad2aab79d419) Importer(815301076,1909f56bfc062723c751e8b465ee728b)  -> (artifact id: '2d77375a817cd41f3e0c632e978a814c') in 0.030594 seconds 
  Import took 0.035046 seconds .

AssetImportWorkerClient::OnTransportError - code=2 error=End of file
